<?xml version="1.0" encoding="UTF-8"?>
<testng-results skipped="0" failed="0" ignored="0" total="1" passed="1">
  <reporter-output>
  </reporter-output>
  <suite name="Default suite" duration-ms="19942" started-at="2019-09-07T16:27:18Z" finished-at="2019-09-07T16:27:38Z">
    <groups>
    </groups>
    <test name="Default test" duration-ms="19942" started-at="2019-09-07T16:27:18Z" finished-at="2019-09-07T16:27:38Z">
      <class name="assignments.EMICalculator">
        <test-method status="PASS" signature="setup()[pri:0, instance:assignments.EMICalculator@14acaea5]" name="setup" is-config="true" duration-ms="10326" started-at="2019-09-07T16:27:18Z" finished-at="2019-09-07T16:27:29Z">
          <reporter-output>
          </reporter-output>
        </test-method> <!-- setup -->
        <test-method status="PASS" signature="LoanEmiCalculator()[pri:0, instance:assignments.EMICalculator@14acaea5]" name="LoanEmiCalculator" duration-ms="7442" started-at="2019-09-07T16:27:29Z" finished-at="2019-09-07T16:27:36Z">
          <reporter-output>
          </reporter-output>
        </test-method> <!-- LoanEmiCalculator -->
        <test-method status="PASS" signature="teardown()[pri:0, instance:assignments.EMICalculator@14acaea5]" name="teardown" is-config="true" duration-ms="2137" started-at="2019-09-07T16:27:36Z" finished-at="2019-09-07T16:27:38Z">
          <reporter-output>
          </reporter-output>
        </test-method> <!-- teardown -->
      </class> <!-- assignments.EMICalculator -->
    </test> <!-- Default test -->
  </suite> <!-- Default suite -->
</testng-results>
